<?xml version="1.0" encoding="UTF-8"?>
<!-- Generated by org.testng.reporters.JUnitXMLReporter -->
<testsuite hostname="inbasdpc05897" ignored="0" name="Test" tests="10" failures="0" timestamp="19 Sep 2018 10:55:50 GMT" time="15.319" errors="0">
  <testcase name="testCase1" time="0.011" classname="test.nms.NewTest"/>
  <testcase name="testCase2" time="0.536" classname="test.nms.NewTest"/>
  <testcase name="testCase3" time="2.288" classname="test.nms.NewTest"/>
  <testcase name="testCase4" time="0.031" classname="test.nms.NewTest"/>
  <testcase name="testCase5" time="0.159" classname="test.nms.NewTest"/>
  <testcase name="testCase6" time="0.104" classname="test.nms.NewTest"/>
  <testcase name="testCase7" time="0.218" classname="test.nms.NewTest"/>
  <testcase name="testCase8" time="0.19" classname="test.nms.NewTest"/>
  <testcase name="testCase9" time="2.482" classname="test.nms.NewTest"/>
  <testcase name="testCase10" time="0.342" classname="test.nms.NewTest"/>
</testsuite> <!-- Test -->
