<?xml version="1.0" encoding="UTF-8"?>
<!-- Generated by org.testng.reporters.JUnitXMLReporter -->
<testsuite hostname="INBASDPC08374" ignored="0" name="Test" tests="10" failures="0" timestamp="22 Nov 2018 05:06:28 GMT" time="778.978" errors="0">
  <testcase name="testCase1" time="0.014" classname="test.nms.NewTest"/>
  <testcase name="testCase2" time="127.478" classname="test.nms.NewTest"/>
  <testcase name="testCase3" time="150.385" classname="test.nms.NewTest"/>
  <testcase name="testCase4" time="0.049" classname="test.nms.NewTest"/>
  <testcase name="testCase5" time="0.516" classname="test.nms.NewTest"/>
  <testcase name="testCase6" time="0.171" classname="test.nms.NewTest"/>
  <testcase name="testCase7" time="0.681" classname="test.nms.NewTest"/>
  <testcase name="testCase8" time="0.27" classname="test.nms.NewTest"/>
  <testcase name="testCase9" time="154.15" classname="test.nms.NewTest"/>
  <testcase name="testCase10" time="147.783" classname="test.nms.NewTest"/>
</testsuite> <!-- Test -->
