<?xml version="1.0" encoding="UTF-8"?>
<testsuite name="TestSuite" time="6.361" tests="10" errors="0" skipped="0" failures="0">
  <properties>
[...]
</properties>
  <testcase name="testCase1" classname="test.nms.NewTest" time="0.012"/>
  <testcase name="testCase2" classname="test.nms.NewTest" time="0.535"/>
  <testcase name="testCase3" classname="test.nms.NewTest" time="2.289"/>
  <testcase name="testCase4" classname="test.nms.NewTest" time="0.039"/>
  <testcase name="testCase5" classname="test.nms.NewTest" time="0.152"/>
  <testcase name="testCase6" classname="test.nms.NewTest" time="0.103"/>
  <testcase name="testCase7" classname="test.nms.NewTest" time="0.219"/>
  <testcase name="testCase8" classname="test.nms.NewTest" time="0.196"/>
  <testcase name="testCase9" classname="test.nms.NewTest" time="2.474"/>
  <testcase name="testCase10" classname="test.nms.NewTest" time="0.342"/>
</testsuite>